[2026-01-29 21:33:24.493] CommandExecutor::new() - создание нового экземпляра
[2026-01-29 21:33:24.495] === START Smart Terminal ===
[2026-01-29 21:33:24.495] Current directory: E:\projects\smart_term\scripts
[2026-01-29 21:33:24.496] Вход в альтернативный экран терминала
[2026-01-29 21:33:24.499] Вывод приветственного сообщения
[2026-01-29 21:33:24.500] Вывод инструкций по использованию
[2026-01-29 21:33:24.500] Стандартный ввод инициализирован
[2026-01-29 21:33:24.500] === Итерация #1 цикла ===
[2026-01-29 21:33:24.501] Вызов draw_ui()
[2026-01-29 21:33:24.502] draw_ui() завершён
[2026-01-29 21:33:24.503] Ожидание ввода пользователя...
[2026-01-29 21:33:48.602] [INPUT] Получено 7 байт ввода
[2026-01-29 21:33:48.603] [INPUT] Сырой ввод: "cd e:\\r\\n"
[2026-01-29 21:33:48.603] [INPUT] Убран \n, строка: "cd e:\r"
[2026-01-29 21:33:48.603] [INPUT] Убран \r, строка: "cd e:"
[2026-01-29 21:33:48.603] [INPUT] Финальная команда: "cd e:"
[2026-01-29 21:33:48.604] current_command установлен: "cd e:"
[2026-01-29 21:33:48.604] Вызов execute_current_command()
[2026-01-29 21:33:48.604] Добавлена команда в историю: "cd e:"
[2026-01-29 21:33:48.604] Результат парсинга: Ok(ParsedCommand { command: "cd", args: ["e:"], redirects: [], pipeline: false })
[2026-01-29 21:33:48.604] Выполнение внешней команды: "cd e:"
[2026-01-29 21:33:48.605] execute_current_command() завершён
[2026-01-29 21:33:48.605] Очистка current_command
[2026-01-29 21:33:48.606] current_command очищен, длина: 0
[2026-01-29 21:33:48.606] === Итерация #2 цикла ===
[2026-01-29 21:33:48.606] Вызов draw_ui()
[2026-01-29 21:33:48.607] draw_ui() завершён
[2026-01-29 21:33:48.607] Ожидание ввода пользователя...
[2026-01-29 21:34:06.498] [INPUT] Получено 6 байт ввода
[2026-01-29 21:34:06.499] [INPUT] Сырой ввод: "help\\r\\n"
[2026-01-29 21:34:06.500] [INPUT] Убран \n, строка: "help\r"
[2026-01-29 21:34:06.500] [INPUT] Убран \r, строка: "help"
[2026-01-29 21:34:06.500] [INPUT] Финальная команда: "help"
[2026-01-29 21:34:06.500] current_command установлен: "help"
[2026-01-29 21:34:06.500] Вызов execute_current_command()
[2026-01-29 21:34:06.501] Добавлена команда в историю: "help"
[2026-01-29 21:34:06.501] Результат парсинга: Ok(ParsedCommand { command: "help", args: [], redirects: [], pipeline: false })
[2026-01-29 21:34:06.501] Выполнение команды: help
[2026-01-29 21:34:06.502] execute_current_command() завершён
[2026-01-29 21:34:06.502] Очистка current_command
[2026-01-29 21:34:06.502] current_command очищен, длина: 0
[2026-01-29 21:34:06.502] === Итерация #3 цикла ===
[2026-01-29 21:34:06.502] Вызов draw_ui()
[2026-01-29 21:34:06.503] draw_ui() завершён
[2026-01-29 21:34:06.503] Ожидание ввода пользователя...
